<?xml version="1.0" encoding="UTF-8"?>
<!-- Generated by org.testng.reporters.JUnitXMLReporter -->
<testsuite ignored="0" hostname="MOHANA" failures="2" tests="3" name="Test" time="55.342" errors="0" timestamp="2023-05-02T15:37:17 IST">
  <testcase classname="Day9_2" name="TC_002" time="35.922">
    <failure type="org.openqa.selenium.remote.UnreachableBrowserException" message="Error communicating with the remote browser. It may have died.
Build info: version: &amp;apos;4.9.0&amp;apos;, revision: &amp;apos;d7057100a6&amp;apos;
System info: os.name: &amp;apos;Windows 11&amp;apos;, os.arch: &amp;apos;amd64&amp;apos;, os.version: &amp;apos;10.0&amp;apos;, java.version: &amp;apos;17.0.4.1&amp;apos;
Driver info: org.openqa.selenium.edge.EdgeDriver
Command: [702c4d6ba9f76f8f90e62ce304e7df29, findElement {using=xpath, value=//*[@id=&amp;quot;id-631b049a-e9c0-4d24-8710-c504745206dd&amp;quot;]/div[2]/div[1]/ul/li[1]/div/div[2]/div[1]/ul/li[2]/a}]
Capabilities {acceptInsecureCerts: false, browserName: msedge, browserVersion: 112.0.1722.64, ms:edgeOptions: {debuggerAddress: localhost:61783}, msedge: {msedgedriverVersion: 112.0.1722.64 (28b771e297ed..., userDataDir: C:\Users\mohan\AppData\Loca...}, networkConnectionEnabled: false, pageLoadStrategy: normal, platformName: WINDOWS, proxy: Proxy(), se:cdp: ws://localhost:61783/devtoo..., se:cdpVersion: 112.0.1722.64, setWindowRect: true, strictFileInteractability: false, timeouts: {implicit: 0, pageLoad: 300000, script: 30000}, unhandledPromptBehavior: dismiss and notify, webauthn:extension:credBlob: true, webauthn:extension:largeBlob: true, webauthn:extension:minPinLength: true, webauthn:extension:prf: true, webauthn:virtualAuthenticators: true}
Session ID: 702c4d6ba9f76f8f90e62ce304e7df29">
      <![CDATA[org.openqa.selenium.remote.UnreachableBrowserException: Error communicating with the remote browser. It may have died.
Build info: version: '4.9.0', revision: 'd7057100a6'
System info: os.name: 'Windows 11', os.arch: 'amd64', os.version: '10.0', java.version: '17.0.4.1'
Driver info: org.openqa.selenium.edge.EdgeDriver
Command: [702c4d6ba9f76f8f90e62ce304e7df29, findElement {using=xpath, value=//*[@id="id-631b049a-e9c0-4d24-8710-c504745206dd"]/div[2]/div[1]/ul/li[1]/div/div[2]/div[1]/ul/li[2]/a}]
Capabilities {acceptInsecureCerts: false, browserName: msedge, browserVersion: 112.0.1722.64, ms:edgeOptions: {debuggerAddress: localhost:61783}, msedge: {msedgedriverVersion: 112.0.1722.64 (28b771e297ed..., userDataDir: C:\Users\mohan\AppData\Loca...}, networkConnectionEnabled: false, pageLoadStrategy: normal, platformName: WINDOWS, proxy: Proxy(), se:cdp: ws://localhost:61783/devtoo..., se:cdpVersion: 112.0.1722.64, setWindowRect: true, strictFileInteractability: false, timeouts: {implicit: 0, pageLoad: 300000, script: 30000}, unhandledPromptBehavior: dismiss and notify, webauthn:extension:credBlob: true, webauthn:extension:largeBlob: true, webauthn:extension:minPinLength: true, webauthn:extension:prf: true, webauthn:virtualAuthenticators: true}
Session ID: 702c4d6ba9f76f8f90e62ce304e7df29
at org.openqa.selenium.remote.RemoteWebDriver.execute(RemoteWebDriver.java:567)
at org.openqa.selenium.remote.ElementLocation$ElementFinder$2.findElement(ElementLocation.java:162)
at org.openqa.selenium.remote.ElementLocation.findElement(ElementLocation.java:60)
at org.openqa.selenium.remote.RemoteWebDriver.findElement(RemoteWebDriver.java:352)
at org.openqa.selenium.remote.RemoteWebDriver.findElement(RemoteWebDriver.java:344)
at Day9_2.TC_002(Day9_2.java:40)
at java.base/java.util.concurrent.ThreadPoolExecutor.runWorker(ThreadPoolExecutor.java:1136)
at java.base/java.util.concurrent.ThreadPoolExecutor$Worker.run(ThreadPoolExecutor.java:635)
at java.base/java.lang.Thread.run(Thread.java:833)
Caused by: java.io.UncheckedIOException: org.asynchttpclient.exception.RemotelyClosedException: Remotely closed
at org.openqa.selenium.remote.http.netty.NettyHttpHandler.makeCall(NettyHttpHandler.java:73)
at org.openqa.selenium.remote.http.AddSeleniumUserAgent.lambda$apply$0(AddSeleniumUserAgent.java:42)
at org.openqa.selenium.remote.http.Filter.lambda$andFinally$1(Filter.java:56)
at org.openqa.selenium.remote.http.netty.NettyHttpHandler.execute(NettyHttpHandler.java:49)
at org.openqa.selenium.remote.http.AddSeleniumUserAgent.lambda$apply$0(AddSeleniumUserAgent.java:42)
at org.openqa.selenium.remote.http.Filter.lambda$andFinally$1(Filter.java:56)
at org.openqa.selenium.remote.http.netty.NettyClient.execute(NettyClient.java:99)
at org.openqa.selenium.remote.HttpCommandExecutor.execute(HttpCommandExecutor.java:190)
at org.openqa.selenium.remote.service.DriverCommandExecutor.invokeExecute(DriverCommandExecutor.java:183)
at org.openqa.selenium.remote.service.DriverCommandExecutor.execute(DriverCommandExecutor.java:158)
at org.openqa.selenium.remote.RemoteWebDriver.execute(RemoteWebDriver.java:543)
... 20 more
Caused by: org.asynchttpclient.exception.RemotelyClosedException: Remotely closed
at org.asynchttpclient.exception.RemotelyClosedException.INSTANCE(Unknown Source)
... Removed 12 stack frames]]>
    </failure>
  </testcase> <!-- TC_002 -->
  <testcase classname="Day9_2" name="TC_001" time="36.057"/>
  <testcase classname="Day9_2" name="TC_003" time="19.339">
    <failure type="org.openqa.selenium.ElementNotInteractableException" message="element not interactable
  (Session info: MicrosoftEdge=112.0.1722.64)
Build info: version: &amp;apos;4.9.0&amp;apos;, revision: &amp;apos;d7057100a6&amp;apos;
System info: os.name: &amp;apos;Windows 11&amp;apos;, os.arch: &amp;apos;amd64&amp;apos;, os.version: &amp;apos;10.0&amp;apos;, java.version: &amp;apos;17.0.4.1&amp;apos;
Driver info: org.openqa.selenium.edge.EdgeDriver
Command: [58e72b7bd23e824ff8eb53833e29ebfe, clickElement {id=1b57d594-0f11-42e9-88e8-9810b1322790}]
Capabilities {acceptInsecureCerts: false, browserName: msedge, browserVersion: 112.0.1722.64, ms:edgeOptions: {debuggerAddress: localhost:61958}, msedge: {msedgedriverVersion: 112.0.1722.64 (28b771e297ed..., userDataDir: C:\Users\mohan\AppData\Loca...}, networkConnectionEnabled: false, pageLoadStrategy: normal, platformName: WINDOWS, proxy: Proxy(), se:cdp: ws://localhost:61958/devtoo..., se:cdpVersion: 112.0.1722.64, setWindowRect: true, strictFileInteractability: false, timeouts: {implicit: 0, pageLoad: 300000, script: 30000}, unhandledPromptBehavior: dismiss and notify, webauthn:extension:credBlob: true, webauthn:extension:largeBlob: true, webauthn:extension:minPinLength: true, webauthn:extension:prf: true, webauthn:virtualAuthenticators: true}
Element: [[EdgeDriver: msedge on WINDOWS (58e72b7bd23e824ff8eb53833e29ebfe)] -&amp;gt; xpath: //*[@id=&amp;quot;id-631b049a-e9c0-4d24-8710-c504745206dd&amp;quot;]/div[2]/div[1]/ul/li[1]]
Session ID: 58e72b7bd23e824ff8eb53833e29ebfe">
      <![CDATA[org.openqa.selenium.ElementNotInteractableException: element not interactable
  (Session info: MicrosoftEdge=112.0.1722.64)
Build info: version: '4.9.0', revision: 'd7057100a6'
System info: os.name: 'Windows 11', os.arch: 'amd64', os.version: '10.0', java.version: '17.0.4.1'
Driver info: org.openqa.selenium.edge.EdgeDriver
Command: [58e72b7bd23e824ff8eb53833e29ebfe, clickElement {id=1b57d594-0f11-42e9-88e8-9810b1322790}]
Capabilities {acceptInsecureCerts: false, browserName: msedge, browserVersion: 112.0.1722.64, ms:edgeOptions: {debuggerAddress: localhost:61958}, msedge: {msedgedriverVersion: 112.0.1722.64 (28b771e297ed..., userDataDir: C:\Users\mohan\AppData\Loca...}, networkConnectionEnabled: false, pageLoadStrategy: normal, platformName: WINDOWS, proxy: Proxy(), se:cdp: ws://localhost:61958/devtoo..., se:cdpVersion: 112.0.1722.64, setWindowRect: true, strictFileInteractability: false, timeouts: {implicit: 0, pageLoad: 300000, script: 30000}, unhandledPromptBehavior: dismiss and notify, webauthn:extension:credBlob: true, webauthn:extension:largeBlob: true, webauthn:extension:minPinLength: true, webauthn:extension:prf: true, webauthn:virtualAuthenticators: true}
Element: [[EdgeDriver: msedge on WINDOWS (58e72b7bd23e824ff8eb53833e29ebfe)] -> xpath: //*[@id="id-631b049a-e9c0-4d24-8710-c504745206dd"]/div[2]/div[1]/ul/li[1]]
Session ID: 58e72b7bd23e824ff8eb53833e29ebfe
at org.openqa.selenium.remote.codec.w3c.W3CHttpResponseCodec.createException(W3CHttpResponseCodec.java:200)
at org.openqa.selenium.remote.codec.w3c.W3CHttpResponseCodec.decode(W3CHttpResponseCodec.java:133)
at org.openqa.selenium.remote.codec.w3c.W3CHttpResponseCodec.decode(W3CHttpResponseCodec.java:53)
at org.openqa.selenium.remote.HttpCommandExecutor.execute(HttpCommandExecutor.java:193)
at org.openqa.selenium.remote.service.DriverCommandExecutor.invokeExecute(DriverCommandExecutor.java:183)
at org.openqa.selenium.remote.service.DriverCommandExecutor.execute(DriverCommandExecutor.java:158)
at org.openqa.selenium.remote.RemoteWebDriver.execute(RemoteWebDriver.java:543)
at org.openqa.selenium.remote.RemoteWebElement.execute(RemoteWebElement.java:257)
at org.openqa.selenium.remote.RemoteWebElement.click(RemoteWebElement.java:78)
at Day9_2.TC_003(Day9_2.java:54)
at java.base/java.util.concurrent.ThreadPoolExecutor.runWorker(ThreadPoolExecutor.java:1136)
at java.base/java.util.concurrent.ThreadPoolExecutor$Worker.run(ThreadPoolExecutor.java:635)
at java.base/java.lang.Thread.run(Thread.java:833)
... Removed 17 stack frames]]>
    </failure>
  </testcase> <!-- TC_003 -->
</testsuite> <!-- Test -->
